This is LuaTeX, Version beta-0.76.0-2014112700 (rev 4630)  (format=lualatex 2014.11.27)  12 FEB 2015 14:52
 restricted \write18 enabled.
**writeup.tex
(./writeup.tex
LaTeX2e <2011/06/27>
Babel <v3.8l> and hyphenation patterns for english, dumylang, nohyphenation, ukr
ainian, turkish, swedish, spanish, slovenian, slovak, serbian, russian, romanian
, portuguese, polish, bokmal, nynorsk, latin, italian, irish, indonesian, icelan
dic, hungarian, monogreek, greek, german, ngerman, french, finnish, estonian, es
peranto, dutch, danish, czech, croatian, catalan, bulgarian, basque, loaded.
(/usr/pkg/share/texmf-dist/tex/latex/base/article.cls
Document Class: article 2007/10/19 v1.4h Standard LaTeX document class
(/usr/pkg/share/texmf-dist/tex/latex/base/size10.clo
File: size10.clo 2007/10/19 v1.4h Standard LaTeX file (size option)
)
\c@part=\count79
\c@section=\count80
\c@subsection=\count81
\c@subsubsection=\count82
\c@paragraph=\count83
\c@subparagraph=\count84
\c@figure=\count85
\c@table=\count86
\abovecaptionskip=\skip41
\belowcaptionskip=\skip42
\bibindent=\dimen102
)
(/usr/pkg/share/texmf-dist/tex/latex/geometry/geometry.sty
Package: geometry 2010/09/12 v5.6 Page Geometry

(/usr/pkg/share/texmf-dist/tex/latex/graphics/keyval.sty
Package: keyval 1999/03/16 v1.13 key=value parser (DPC)
\KV@toks@=\toks14
)
(/usr/pkg/share/texmf-dist/tex/generic/oberdiek/ifpdf.sty
Package: ifpdf 2011/01/30 v2.3 Provides the ifpdf switch (HO)
Package ifpdf Info: pdfTeX in PDF mode is detected.
)
(/usr/pkg/share/texmf-dist/tex/generic/oberdiek/ifvtex.sty
Package: ifvtex 2010/03/01 v1.5 Detect VTeX and its facilities (HO)
Package ifvtex Info: VTeX not detected.
)
(/usr/pkg/share/texmf-dist/tex/generic/ifxetex/ifxetex.sty
Package: ifxetex 2010/09/12 v0.6 Provides ifxetex conditional
)
\Gm@cnth=\count87
\Gm@cntv=\count88
\c@Gm@tempcnt=\count89
\Gm@bindingoffset=\dimen103
\Gm@wd@mp=\dimen104
\Gm@odd@mp=\dimen105
\Gm@even@mp=\dimen106
\Gm@layoutwidth=\dimen107
\Gm@layoutheight=\dimen108
\Gm@layouthoffset=\dimen109
\Gm@layoutvoffset=\dimen110
\Gm@dimlist=\toks15
)
(/usr/pkg/share/texmf-dist/tex/latex/biblatex/biblatex.sty
Package: biblatex 2011/11/13 v1.7 programmable bibliographies

(/usr/pkg/share/texmf-dist/tex/latex/etoolbox/etoolbox.sty
Package: etoolbox 2011/01/03 v2.1 e-TeX tools for LaTeX

(/usr/pkg/share/texmf-dist/tex/latex/etex-pkg/etex.sty
Package: etex 1998/03/26 v2.0 eTeX basic definition package (PEB)
\et@xins=\count90
)
\etb@tempcnta=\count91
)
(/usr/pkg/share/texmf-dist/tex/latex/logreq/logreq.sty
Package: logreq 2010/08/04 v1.0 xml request logger
\lrq@indent=\count92

(/usr/pkg/share/texmf-dist/tex/latex/logreq/logreq.def
File: logreq.def 2010/08/04 v1.0 logreq spec v1.0
))
(/usr/pkg/share/texmf-dist/tex/latex/base/ifthen.sty
Package: ifthen 2001/05/26 v1.1c Standard LaTeX ifthen package (DPC)
)
(/usr/pkg/share/texmf-dist/tex/latex/url/url.sty
\Urlmuskip=\muskip10
Package: url 2013/09/16  ver 3.4  Verb mode for urls, etc.
)
\c@listtotal=\count93
\c@listcount=\count94
\c@liststart=\count95
\c@liststop=\count96
\c@citecount=\count97
\c@citetotal=\count98
\c@multicitecount=\count99
\c@multicitetotal=\count100
\c@instcount=\count101
\c@maxnames=\count102
\c@minnames=\count103
\c@maxitems=\count104
\c@minitems=\count105
\c@citecounter=\count106
\c@savedcitecounter=\count107
\c@uniquelist=\count108
\c@uniquename=\count109
\c@refsection=\count110
\c@refsegment=\count111
\c@maxextrayear=\count112
\c@maxextraalpha=\count113
\c@abbrvpenalty=\count114
\c@highnamepenalty=\count115
\c@lownamepenalty=\count116
\c@maxparens=\count117
\c@parenlevel=\count118
\blx@tempcnta=\count119
\blx@tempcntb=\count120
\blx@tempcntc=\count121
\blx@maxsection=\count122
\blx@maxsegment=\count123
\blx@notetype=\count124
\blx@parenlevel@text=\count125
\blx@parenlevel@foot=\count126
\labelnumberwidth=\skip43
\labelalphawidth=\skip44
\shorthandwidth=\skip45
\biblabelsep=\skip46
\bibitemsep=\skip47
\bibnamesep=\skip48
\bibinitsep=\skip49
\bibparsep=\skip50
\bibhang=\skip51
\blx@auxin=\read1
\blx@auxout=\write3
\c@mincomprange=\count127
\c@maxcomprange=\count128
\c@mincompwidth=\count129
\c@labelname=\count130
\c@savedlabelname=\count131
\c@author=\count132
\c@savedauthor=\count133
\c@shortauthor=\count134
\c@savedshortauthor=\count135
\c@editor=\count136
\c@savededitor=\count137
\c@editora=\count138
\c@savededitora=\count139
\c@editorb=\count140
\c@savededitorb=\count141
\c@editorc=\count142
\c@savededitorc=\count143
\c@shorteditor=\count144
\c@savedshorteditor=\count145
\c@bookauthor=\count146
\c@savedbookauthor=\count147
\c@translator=\count148
\c@savedtranslator=\count149
\c@annotator=\count150
\c@savedannotator=\count151
\c@commentator=\count152
\c@savedcommentator=\count153
\c@introduction=\count154
\c@savedintroduction=\count155
\c@foreword=\count156
\c@savedforeword=\count157
\c@afterword=\count158
\c@savedafterword=\count159
\c@holder=\count160
\c@savedholder=\count161
\c@namea=\count162
\c@savednamea=\count163
\c@nameb=\count164
\c@savednameb=\count165
\c@namec=\count166
\c@savednamec=\count167
\c@institution=\count168
\c@savedinstitution=\count169
\c@language=\count170
\c@savedlanguage=\count171
\c@location=\count172
\c@savedlocation=\count173
\c@organization=\count174
\c@savedorganization=\count175
\c@origlocation=\count176
\c@savedoriglocation=\count177
\c@origpublisher=\count178
\c@savedorigpublisher=\count179
\c@pageref=\count180
\c@savedpageref=\count181
\c@publisher=\count182
\c@savedpublisher=\count183
\c@lista=\count184
\c@savedlista=\count185
\c@listb=\count186
\c@savedlistb=\count187
\c@listc=\count188
\c@savedlistc=\count189
\c@listd=\count190
\c@savedlistd=\count191
\c@liste=\count192
\c@savedliste=\count193
\c@listf=\count194
\c@savedlistf=\count195
Package biblatex Info: Trying to load compatibility code...
Package biblatex Info: ... file 'blx-compat.def' found.

(/usr/pkg/share/texmf-dist/tex/latex/biblatex/blx-compat.def
File: blx-compat.def 2011/11/13 v1.7 biblatex generic compatibility
)
Package biblatex Info: Trying to load generic definitions...
Package biblatex Info: ... file 'biblatex.def' found.

(/usr/pkg/share/texmf-dist/tex/latex/biblatex/biblatex.def
File: biblatex.def 2011/11/13 v1.7 biblatex generic definitions
\c@biburlnumpenalty=\count196
\c@biburlucpenalty=\count197
\c@biburllcpenalty=\count198
\c@smartand=\count199
)
Package biblatex Info: Trying to load bibliography style 'numeric'...
Package biblatex Info: ... file 'numeric.bbx' found.

(/usr/pkg/share/texmf-dist/tex/latex/biblatex/bbx/numeric.bbx
File: numeric.bbx 2011/11/13 v1.7 biblatex bibliography style
Package biblatex Info: Trying to load bibliography style 'standard'...
Package biblatex Info: ... file 'standard.bbx' found.

(/usr/pkg/share/texmf-dist/tex/latex/biblatex/bbx/standard.bbx
File: standard.bbx 2011/11/13 v1.7 biblatex bibliography style
))
Package biblatex Info: Trying to load citation style 'numeric'...
Package biblatex Info: ... file 'numeric.cbx' found.

(/usr/pkg/share/texmf-dist/tex/latex/biblatex/cbx/numeric.cbx
File: numeric.cbx 2011/11/13 v1.7 biblatex citation style
Package biblatex Info: Redefining '\cite'.
Package biblatex Info: Redefining '\parencite'.
Package biblatex Info: Redefining '\footcite'.
Package biblatex Info: Redefining '\footcitetext'.
Package biblatex Info: Redefining '\smartcite'.
Package biblatex Info: Redefining '\textcite'.
Package biblatex Info: Redefining '\supercite'.
Package biblatex Info: Redefining '\cites'.
Package biblatex Info: Redefining '\parencites'.
Package biblatex Info: Redefining '\smartcites'.
)
Package biblatex Info: Trying to load configuration file...
Package biblatex Info: ... file 'biblatex.cfg' found.

(/usr/pkg/share/texmf-dist/tex/latex/biblatex/biblatex.cfg
File: biblatex.cfg 
))
(/usr/pkg/share/texmf-dist/tex/latex/graphics/graphicx.sty
Package: graphicx 1999/02/16 v1.0f Enhanced LaTeX Graphics (DPC,SPQR)

(/usr/pkg/share/texmf-dist/tex/latex/graphics/graphics.sty
Package: graphics 2009/02/05 v1.0o Standard LaTeX Graphics (DPC,SPQR)

(/usr/pkg/share/texmf-dist/tex/latex/graphics/trig.sty
Package: trig 1999/03/16 v1.09 sin cos tan (DPC)
)
(/usr/pkg/share/texmf-dist/tex/latex/latexconfig/graphics.cfg
File: graphics.cfg 2010/04/23 v1.9 graphics configuration of TeX Live
)
Package graphics Info: Driver file: pdftex.def on input line 91.

(/usr/pkg/share/texmf-dist/tex/latex/pdftex-def/pdftex.def
File: pdftex.def 2011/05/27 v0.06d Graphics/color for pdfTeX

(/usr/pkg/share/texmf-dist/tex/generic/oberdiek/infwarerr.sty
Package: infwarerr 2010/04/08 v1.3 Providing info/warning/error messages (HO)
)
(/usr/pkg/share/texmf-dist/tex/generic/oberdiek/ltxcmds.sty
Package: ltxcmds 2011/11/09 v1.22 LaTeX kernel commands for general use (HO)
)
(/usr/pkg/share/texmf-dist/tex/generic/oberdiek/pdftexcmds.sty
Package: pdftexcmds 2011/11/29 v0.20 Utility functions of pdfTeX for LuaTeX (HO)


(/usr/pkg/share/texmf-dist/tex/generic/oberdiek/ifluatex.sty
Package: ifluatex 2010/03/01 v1.3 Provides the ifluatex switch (HO)
Package ifluatex Info: LuaTeX detected.
)
Package pdftexcmds Info: \pdf@primitive is available.
Package pdftexcmds Info: \pdf@ifprimitive is available.
Package pdftexcmds Info: \pdfdraftmode found.

(/usr/pkg/share/texmf-dist/tex/generic/oberdiek/luatex-loader.sty
Package: luatex-loader 2010/03/09 v0.4 Lua module loader (HO)

(/usr/pkg/share/texmf-dist/scripts/oberdiek/oberdiek.luatex.lua))
\pdftexcmds@toks=\toks16
)
\Gread@gobject=\count200
))
\Gin@req@height=\dimen111
\Gin@req@width=\dimen112
)
(/usr/pkg/share/texmf-dist/tex/latex/microtype/microtype.sty
Package: microtype 2010/01/10 v2.4 Micro-typography with pdfTeX (RS)
\MT@toks=\toks17
\MT@count=\count201
LaTeX Info: Redefining \lsstyle on input line 1597.
LaTeX Info: Redefining \lslig on input line 1597.
\MT@outer@space=\skip52
LaTeX Info: Redefining \lsstyle on input line 1604.
LaTeX Info: Redefining \textls on input line 1605.
\MT@outer@kern=\dimen113
LaTeX Info: Redefining \textmicrotypecontext on input line 2156.
Package microtype Info: Loading configuration file microtype.cfg.

(/usr/pkg/share/texmf-dist/tex/latex/microtype/microtype.cfg
File: microtype.cfg 2010/01/10 v2.4 microtype main configuration file (RS)
))
(/usr/pkg/share/texmf-dist/tex/latex/caption/caption.sty
Package: caption 2010/01/09 v3.1m Customizing captions (AR)

(/usr/pkg/share/texmf-dist/tex/latex/caption/caption3.sty
Package: caption3 2010/01/14 v3.1m caption3 kernel (AR)
\captionmargin=\dimen114
\captionmargin@=\dimen115
\captionwidth=\dimen116
\caption@indent=\dimen117
\caption@parindent=\dimen118
\caption@hangindent=\dimen119
)
\c@ContinuedFloat=\count202
)
(/usr/pkg/share/texmf-dist/tex/latex/caption/subcaption.sty
Package: subcaption 2008/08/31 v1.0b Adding subcaptions (AR)
\c@subfigure=\count203
\c@subtable=\count204
)
(/usr/pkg/share/texmf-dist/tex/latex/amsmath/amsmath.sty
Package: amsmath 2000/07/18 v2.13 AMS math features
\@mathmargin=\skip53

For additional information on amsmath, use the `?' option.
(/usr/pkg/share/texmf-dist/tex/latex/amsmath/amstext.sty
Package: amstext 2000/06/29 v2.01

(/usr/pkg/share/texmf-dist/tex/latex/amsmath/amsgen.sty
File: amsgen.sty 1999/11/30 v2.0
\@emptytoks=\toks18
\ex@=\dimen120
))
(/usr/pkg/share/texmf-dist/tex/latex/amsmath/amsbsy.sty
Package: amsbsy 1999/11/29 v1.2d
\pmbraise@=\dimen121
)
(/usr/pkg/share/texmf-dist/tex/latex/amsmath/amsopn.sty
Package: amsopn 1999/12/14 v2.01 operator names
)
\inf@bad=\count205
LaTeX Info: Redefining \frac on input line 211.
\uproot@=\count206
\leftroot@=\count207
LaTeX Info: Redefining \overline on input line 307.
\classnum@=\count208
\DOTSCASE@=\count209
LaTeX Info: Redefining \ldots on input line 379.
LaTeX Info: Redefining \dots on input line 382.
LaTeX Info: Redefining \cdots on input line 467.
\Mathstrutbox@=\box26
\strutbox@=\box27
\big@size=\dimen122
LaTeX Font Info:    Redeclaring font encoding OML on input line 567.
LaTeX Font Info:    Redeclaring font encoding OMS on input line 568.
\macc@depth=\count210
\c@MaxMatrixCols=\count211
\dotsspace@=\muskip11
\c@parentequation=\count212
\dspbrk@lvl=\count213
\tag@help=\toks19
\row@=\count214
\column@=\count215
\maxfields@=\count216
\andhelp@=\toks20
\eqnshift@=\dimen123
\alignsep@=\dimen124
\tagshift@=\dimen125
\tagwidth@=\dimen126
\totwidth@=\dimen127
\lineht@=\dimen128
\@envbody=\toks21
\multlinegap=\skip54
\multlinetaggap=\skip55
\mathdisplay@stack=\toks22
LaTeX Info: Redefining \[ on input line 2666.
LaTeX Info: Redefining \] on input line 2667.
)
(/usr/pkg/share/texmf-dist/tex/latex/amsfonts/amssymb.sty
Package: amssymb 2013/01/14 v3.01 AMS font symbols

(/usr/pkg/share/texmf-dist/tex/latex/amsfonts/amsfonts.sty
Package: amsfonts 2013/01/14 v3.01 Basic AMSFonts support
\symAMSa=\mathgroup4
\symAMSb=\mathgroup5
LaTeX Font Info:    Overwriting math alphabet `\mathfrak' in version `bold'
(Font)                  U/euf/m/n --> U/euf/b/n on input line 106.
))
(/usr/pkg/share/texmf-dist/tex/latex/pgf/frontendlayer/tikz.sty
(/usr/pkg/share/texmf-dist/tex/latex/pgf/basiclayer/pgf.sty
(/usr/pkg/share/texmf-dist/tex/latex/pgf/utilities/pgfrcs.sty
(/usr/pkg/share/texmf-dist/tex/generic/pgf/utilities/pgfutil-common.tex
\pgfutil@everybye=\toks23
)
(/usr/pkg/share/texmf-dist/tex/generic/pgf/utilities/pgfutil-latex.def
\pgfutil@abb=\box28

(/usr/pkg/share/texmf-dist/tex/latex/ms/everyshi.sty
Package: everyshi 2001/05/15 v3.00 EveryShipout Package (MS)
))
(/usr/pkg/share/texmf-dist/tex/generic/pgf/utilities/pgfrcs.code.tex
Package: pgfrcs 2010/10/25 v2.10 (rcs-revision 1.24)
))
Package: pgf 2008/01/15 v2.10 (rcs-revision 1.12)

(/usr/pkg/share/texmf-dist/tex/latex/pgf/basiclayer/pgfcore.sty
(/usr/pkg/share/texmf-dist/tex/latex/pgf/systemlayer/pgfsys.sty
(/usr/pkg/share/texmf-dist/tex/generic/pgf/systemlayer/pgfsys.code.tex
Package: pgfsys 2010/06/30 v2.10 (rcs-revision 1.37)

(/usr/pkg/share/texmf-dist/tex/generic/pgf/utilities/pgfkeys.code.tex
\pgfkeys@pathtoks=\toks24
\pgfkeys@temptoks=\toks25

(/usr/pkg/share/texmf-dist/tex/generic/pgf/utilities/pgfkeysfiltered.code.tex
\pgfkeys@tmptoks=\toks26
))
\pgf@x=\dimen129
\pgf@y=\dimen130
\pgf@xa=\dimen131
\pgf@ya=\dimen132
\pgf@xb=\dimen133
\pgf@yb=\dimen134
\pgf@xc=\dimen135
\pgf@yc=\dimen136
\w@pgf@writea=\write4
\r@pgf@reada=\read2
\c@pgf@counta=\count217
\c@pgf@countb=\count218
\c@pgf@countc=\count219
\c@pgf@countd=\count220
(/usr/pkg/share/texmf-dist/tex/generic/pgf/systemlayer/pgf.cfg
File: pgf.cfg 2008/05/14  (rcs-revision 1.7)
)
Package pgfsys Info: Driver file for pgf: pgfsys-pdftex.def on input line 900.

(/usr/pkg/share/texmf-dist/tex/generic/pgf/systemlayer/pgfsys-pdftex.def
File: pgfsys-pdftex.def 2009/05/22  (rcs-revision 1.26)

(/usr/pkg/share/texmf-dist/tex/generic/pgf/systemlayer/pgfsys-common-pdf.def
File: pgfsys-common-pdf.def 2008/05/19  (rcs-revision 1.10)
))) (/usr/pkg/share/texmf-dist/tex/generic/pgf/systemlayer/pgfsyssoftpath.code.
tex
File: pgfsyssoftpath.code.tex 2008/07/18  (rcs-revision 1.7)
\pgfsyssoftpath@smallbuffer@items=\count221
\pgfsyssoftpath@bigbuffer@items=\count222
)
(/usr/pkg/share/texmf-dist/tex/generic/pgf/systemlayer/pgfsysprotocol.code.tex
File: pgfsysprotocol.code.tex 2006/10/16  (rcs-revision 1.4)
)) (/usr/pkg/share/texmf-dist/tex/latex/xcolor/xcolor.sty
Package: xcolor 2007/01/21 v2.11 LaTeX color extensions (UK)

(/usr/pkg/share/texmf-dist/tex/latex/latexconfig/color.cfg
File: color.cfg 2007/01/18 v1.5 color configuration of teTeX/TeXLive
)
Package xcolor Info: Driver file: pdftex.def on input line 225.
Package xcolor Info: Model `cmy' substituted by `cmy0' on input line 1337.
Package xcolor Info: Model `hsb' substituted by `rgb' on input line 1341.
Package xcolor Info: Model `RGB' extended on input line 1353.
Package xcolor Info: Model `HTML' substituted by `rgb' on input line 1355.
Package xcolor Info: Model `Hsb' substituted by `hsb' on input line 1356.
Package xcolor Info: Model `tHsb' substituted by `hsb' on input line 1357.
Package xcolor Info: Model `HSB' substituted by `hsb' on input line 1358.
Package xcolor Info: Model `Gray' substituted by `gray' on input line 1359.
Package xcolor Info: Model `wave' substituted by `hsb' on input line 1360.
)
(/usr/pkg/share/texmf-dist/tex/generic/pgf/basiclayer/pgfcore.code.tex
Package: pgfcore 2010/04/11 v2.10 (rcs-revision 1.7)

(/usr/pkg/share/texmf-dist/tex/generic/pgf/math/pgfmath.code.tex
(/usr/pkg/share/texmf-dist/tex/generic/pgf/math/pgfmathcalc.code.tex
(/usr/pkg/share/texmf-dist/tex/generic/pgf/math/pgfmathutil.code.tex)
(/usr/pkg/share/texmf-dist/tex/generic/pgf/math/pgfmathparser.code.tex
\pgfmath@dimen=\dimen137
\pgfmath@count=\count223
\pgfmath@box=\box29
\pgfmath@toks=\toks27
\pgfmath@stack@operand=\toks28
\pgfmath@stack@operation=\toks29
)
(/usr/pkg/share/texmf-dist/tex/generic/pgf/math/pgfmathfunctions.code.tex
(/usr/pkg/share/texmf-dist/tex/generic/pgf/math/pgfmathfunctions.basic.code.tex
)
(/usr/pkg/share/texmf-dist/tex/generic/pgf/math/pgfmathfunctions.trigonometric.
code.tex)
(/usr/pkg/share/texmf-dist/tex/generic/pgf/math/pgfmathfunctions.random.code.te
x)
(/usr/pkg/share/texmf-dist/tex/generic/pgf/math/pgfmathfunctions.comparison.cod
e.tex)
(/usr/pkg/share/texmf-dist/tex/generic/pgf/math/pgfmathfunctions.base.code.tex)

(/usr/pkg/share/texmf-dist/tex/generic/pgf/math/pgfmathfunctions.round.code.tex
)
(/usr/pkg/share/texmf-dist/tex/generic/pgf/math/pgfmathfunctions.misc.code.tex)
)) (/usr/pkg/share/texmf-dist/tex/generic/pgf/math/pgfmathfloat.code.tex
\c@pgfmathroundto@lastzeros=\count224
))
(/usr/pkg/share/texmf-dist/tex/generic/pgf/basiclayer/pgfcorepoints.code.tex
File: pgfcorepoints.code.tex 2010/04/09  (rcs-revision 1.20)
\pgf@picminx=\dimen138
\pgf@picmaxx=\dimen139
\pgf@picminy=\dimen140
\pgf@picmaxy=\dimen141
\pgf@pathminx=\dimen142
\pgf@pathmaxx=\dimen143
\pgf@pathminy=\dimen144
\pgf@pathmaxy=\dimen145
\pgf@xx=\dimen146
\pgf@xy=\dimen147
\pgf@yx=\dimen148
\pgf@yy=\dimen149
\pgf@zx=\dimen150
\pgf@zy=\dimen151
)
(/usr/pkg/share/texmf-dist/tex/generic/pgf/basiclayer/pgfcorepathconstruct.code
.tex
File: pgfcorepathconstruct.code.tex 2010/08/03  (rcs-revision 1.24)
\pgf@path@lastx=\dimen152
\pgf@path@lasty=\dimen153
)
(/usr/pkg/share/texmf-dist/tex/generic/pgf/basiclayer/pgfcorepathusage.code.tex
File: pgfcorepathusage.code.tex 2008/04/22  (rcs-revision 1.12)
\pgf@shorten@end@additional=\dimen154
\pgf@shorten@start@additional=\dimen155
) (/usr/pkg/share/texmf-dist/tex/generic/pgf/basiclayer/pgfcorescopes.code.tex
File: pgfcorescopes.code.tex 2010/09/08  (rcs-revision 1.34)
\pgfpic=\box30
\pgf@hbox=\box31
\pgf@layerbox@main=\box32
\pgf@picture@serial@count=\count225
)
(/usr/pkg/share/texmf-dist/tex/generic/pgf/basiclayer/pgfcoregraphicstate.code.
tex
File: pgfcoregraphicstate.code.tex 2008/04/22  (rcs-revision 1.9)
\pgflinewidth=\dimen156
)
(/usr/pkg/share/texmf-dist/tex/generic/pgf/basiclayer/pgfcoretransformations.co
de.tex
File: pgfcoretransformations.code.tex 2009/06/10  (rcs-revision 1.11)
\pgf@pt@x=\dimen157
\pgf@pt@y=\dimen158
\pgf@pt@temp=\dimen159
)
(/usr/pkg/share/texmf-dist/tex/generic/pgf/basiclayer/pgfcorequick.code.tex
File: pgfcorequick.code.tex 2008/10/09  (rcs-revision 1.3)
)
(/usr/pkg/share/texmf-dist/tex/generic/pgf/basiclayer/pgfcoreobjects.code.tex
File: pgfcoreobjects.code.tex 2006/10/11  (rcs-revision 1.2)
)
(/usr/pkg/share/texmf-dist/tex/generic/pgf/basiclayer/pgfcorepathprocessing.cod
e.tex
File: pgfcorepathprocessing.code.tex 2008/10/09  (rcs-revision 1.8)
)
(/usr/pkg/share/texmf-dist/tex/generic/pgf/basiclayer/pgfcorearrows.code.tex
File: pgfcorearrows.code.tex 2008/04/23  (rcs-revision 1.11)
)
(/usr/pkg/share/texmf-dist/tex/generic/pgf/basiclayer/pgfcoreshade.code.tex
File: pgfcoreshade.code.tex 2008/11/23  (rcs-revision 1.13)
\pgf@max=\dimen160
\pgf@sys@shading@range@num=\count226
)
(/usr/pkg/share/texmf-dist/tex/generic/pgf/basiclayer/pgfcoreimage.code.tex
File: pgfcoreimage.code.tex 2010/03/25  (rcs-revision 1.16)

(/usr/pkg/share/texmf-dist/tex/generic/pgf/basiclayer/pgfcoreexternal.code.tex
File: pgfcoreexternal.code.tex 2010/09/01  (rcs-revision 1.17)
\pgfexternal@startupbox=\box33
)) (/usr/pkg/share/texmf-dist/tex/generic/pgf/basiclayer/pgfcorelayers.code.tex
File: pgfcorelayers.code.tex 2010/08/27  (rcs-revision 1.2)
)
(/usr/pkg/share/texmf-dist/tex/generic/pgf/basiclayer/pgfcoretransparency.code.
tex
File: pgfcoretransparency.code.tex 2008/01/17  (rcs-revision 1.2)
)
(/usr/pkg/share/texmf-dist/tex/generic/pgf/basiclayer/pgfcorepatterns.code.tex
File: pgfcorepatterns.code.tex 2009/07/02  (rcs-revision 1.3)
))) (/usr/pkg/share/texmf-dist/tex/generic/pgf/modules/pgfmoduleshapes.code.tex
File: pgfmoduleshapes.code.tex 2010/09/09  (rcs-revision 1.13)
\pgfnodeparttextbox=\box34
) (/usr/pkg/share/texmf-dist/tex/generic/pgf/modules/pgfmoduleplot.code.tex
File: pgfmoduleplot.code.tex 2010/10/22  (rcs-revision 1.8)
)
(/usr/pkg/share/texmf-dist/tex/latex/pgf/compatibility/pgfcomp-version-0-65.sty
Package: pgfcomp-version-0-65 2007/07/03 v2.10 (rcs-revision 1.7)
\pgf@nodesepstart=\dimen161
\pgf@nodesepend=\dimen162
)
(/usr/pkg/share/texmf-dist/tex/latex/pgf/compatibility/pgfcomp-version-1-18.sty
Package: pgfcomp-version-1-18 2007/07/23 v2.10 (rcs-revision 1.1)
)) (/usr/pkg/share/texmf-dist/tex/latex/pgf/utilities/pgffor.sty
(/usr/pkg/share/texmf-dist/tex/latex/pgf/utilities/pgfkeys.sty
(/usr/pkg/share/texmf-dist/tex/generic/pgf/utilities/pgfkeys.code.tex))
(/usr/pkg/share/texmf-dist/tex/generic/pgf/utilities/pgffor.code.tex
Package: pgffor 2010/03/23 v2.10 (rcs-revision 1.18)
\pgffor@iter=\dimen163
\pgffor@skip=\dimen164
\pgffor@stack=\toks30
\pgffor@toks=\toks31
))
(/usr/pkg/share/texmf-dist/tex/generic/pgf/frontendlayer/tikz/tikz.code.tex
Package: tikz 2010/10/13 v2.10 (rcs-revision 1.76)

(/usr/pkg/share/texmf-dist/tex/generic/pgf/libraries/pgflibraryplothandlers.cod
e.tex
File: pgflibraryplothandlers.code.tex 2010/05/31 v2.10 (rcs-revision 1.15)
\pgf@plot@mark@count=\count227
\pgfplotmarksize=\dimen165
)
\tikz@lastx=\dimen166
\tikz@lasty=\dimen167
\tikz@lastxsaved=\dimen168
\tikz@lastysaved=\dimen169
\tikzleveldistance=\dimen170
\tikzsiblingdistance=\dimen171
\tikz@figbox=\box35
\tikz@tempbox=\box36
\tikztreelevel=\count228
\tikznumberofchildren=\count229
\tikznumberofcurrentchild=\count230
\tikz@fig@count=\count231

(/usr/pkg/share/texmf-dist/tex/generic/pgf/modules/pgfmodulematrix.code.tex
File: pgfmodulematrix.code.tex 2010/08/24  (rcs-revision 1.4)
\pgfmatrixcurrentrow=\count232
\pgfmatrixcurrentcolumn=\count233
Normal \count register pool exhausted, switching to extended pool.
\pgf@matrix@numberofcolumns=\count277
)
\tikz@expandcount=\count278

(/usr/pkg/share/texmf-dist/tex/generic/pgf/frontendlayer/tikz/libraries/tikzlib
rarytopaths.code.tex
File: tikzlibrarytopaths.code.tex 2008/06/17 v2.10 (rcs-revision 1.2)
)))
(/usr/pkg/share/texmf-dist/tex/generic/pgf/frontendlayer/tikz/libraries/tikzlib
raryarrows.code.tex
File: tikzlibraryarrows.code.tex 2008/01/09 v2.10 (rcs-revision 1.1)

(/usr/pkg/share/texmf-dist/tex/generic/pgf/libraries/pgflibraryarrows.code.tex
File: pgflibraryarrows.code.tex 2008/10/27 v2.10 (rcs-revision 1.9)
\arrowsize=\dimen172
))
(/usr/pkg/share/texmf-dist/tex/generic/pgf/frontendlayer/tikz/libraries/tikzlib
raryshapes.code.tex
File: tikzlibraryshapes.code.tex 2008/01/09 v2.10 (rcs-revision 1.1)

(/usr/pkg/share/texmf-dist/tex/generic/pgf/frontendlayer/tikz/libraries/tikzlib
raryshapes.geometric.code.tex
File: tikzlibraryshapes.geometric.code.tex 2008/01/09 v2.10 (rcs-revision 1.1)

(/usr/pkg/share/texmf-dist/tex/generic/pgf/libraries/shapes/pgflibraryshapes.ge
ometric.code.tex
File: pgflibraryshapes.geometric.code.tex 2008/06/26 v2.10 (rcs-revision 1.1)
))
(/usr/pkg/share/texmf-dist/tex/generic/pgf/frontendlayer/tikz/libraries/tikzlib
raryshapes.misc.code.tex
File: tikzlibraryshapes.misc.code.tex 2008/01/09 v2.10 (rcs-revision 1.1)

(/usr/pkg/share/texmf-dist/tex/generic/pgf/libraries/shapes/pgflibraryshapes.mi
sc.code.tex
File: pgflibraryshapes.misc.code.tex 2008/10/07 v2.10 (rcs-revision 1.3)
))
(/usr/pkg/share/texmf-dist/tex/generic/pgf/frontendlayer/tikz/libraries/tikzlib
raryshapes.symbols.code.tex
File: tikzlibraryshapes.symbols.code.tex 2008/01/09 v2.10 (rcs-revision 1.1)

(/usr/pkg/share/texmf-dist/tex/generic/pgf/libraries/shapes/pgflibraryshapes.sy
mbols.code.tex
File: pgflibraryshapes.symbols.code.tex 2009/10/27 v2.10 (rcs-revision 1.3)
))
(/usr/pkg/share/texmf-dist/tex/generic/pgf/frontendlayer/tikz/libraries/tikzlib
raryshapes.arrows.code.tex
File: tikzlibraryshapes.arrows.code.tex 2008/01/09 v2.10 (rcs-revision 1.1)

(/usr/pkg/share/texmf-dist/tex/generic/pgf/libraries/shapes/pgflibraryshapes.ar
rows.code.tex
File: pgflibraryshapes.arrows.code.tex 2008/06/26 v2.10 (rcs-revision 1.1)
))
(/usr/pkg/share/texmf-dist/tex/generic/pgf/frontendlayer/tikz/libraries/tikzlib
raryshapes.callouts.code.tex
(/usr/pkg/share/texmf-dist/tex/generic/pgf/libraries/shapes/pgflibraryshapes.ca
llouts.code.tex))
(/usr/pkg/share/texmf-dist/tex/generic/pgf/frontendlayer/tikz/libraries/tikzlib
raryshapes.multipart.code.tex
File: tikzlibraryshapes.multipart.code.tex 2008/01/09 v2.10 (rcs-revision 1.1)

(/usr/pkg/share/texmf-dist/tex/generic/pgf/libraries/shapes/pgflibraryshapes.mu
ltipart.code.tex
File: pgflibraryshapes.multipart.code.tex 2010/01/07 v2.10 (rcs-revision 1.2)
\pgfnodepartlowerbox=\box37
\pgfnodeparttwobox=\box38
\pgfnodepartthreebox=\box39
\pgfnodepartfourbox=\box40
\pgfnodeparttwentybox=\box41
\pgfnodepartnineteenbox=\box42
\pgfnodeparteighteenbox=\box43
\pgfnodepartseventeenbox=\box44
\pgfnodepartsixteenbox=\box45
\pgfnodepartfifteenbox=\box46
\pgfnodepartfourteenbox=\box47
\pgfnodepartthirteenbox=\box48
\pgfnodeparttwelvebox=\box49
\pgfnodepartelevenbox=\box50
\pgfnodeparttenbox=\box51
\pgfnodepartninebox=\box52
\pgfnodeparteightbox=\box53
\pgfnodepartsevenbox=\box54
\pgfnodepartsixbox=\box55
\pgfnodepartfivebox=\box56
)))
(/usr/pkg/share/texmf-dist/tex/generic/pgf/frontendlayer/tikz/libraries/tikzlib
rarypositioning.code.tex
File: tikzlibrarypositioning.code.tex 2008/10/06 v2.10 (rcs-revision 1.7)
)
Package biblatex Info: Trying to load language 'english'...
Package biblatex Info: ... file 'english.lbx' found.

(/usr/pkg/share/texmf-dist/tex/latex/biblatex/lbx/english.lbx
File: english.lbx 2011/11/13 v1.7 biblatex localization
)
\@quotelevel=\count279
\@quotereset=\count280
 (./writeup.aux)
LaTeX Font Info:    Checking defaults for OML/cmm/m/it on input line 22.
LaTeX Font Info:    ... okay on input line 22.
LaTeX Font Info:    Checking defaults for T1/cmr/m/n on input line 22.
LaTeX Font Info:    ... okay on input line 22.
LaTeX Font Info:    Checking defaults for OT1/cmr/m/n on input line 22.
LaTeX Font Info:    ... okay on input line 22.
LaTeX Font Info:    Checking defaults for OMS/cmsy/m/n on input line 22.
LaTeX Font Info:    ... okay on input line 22.
LaTeX Font Info:    Checking defaults for OMX/cmex/m/n on input line 22.
LaTeX Font Info:    ... okay on input line 22.
LaTeX Font Info:    Checking defaults for U/cmr/m/n on input line 22.
LaTeX Font Info:    ... okay on input line 22.

*geometry* driver: auto-detecting
*geometry* detected driver: pdftex
*geometry* verbose mode - [ preamble ] result:
* driver: pdftex
* paper: a4paper
* layout: <same size as paper>
* layoutoffset:(h,v)=(0.0pt,0.0pt)
* modes: 
* h-part:(L,W,R)=(76.82234pt, 443.86319pt, 76.82234pt)
* v-part:(T,H,B)=(76.82234pt, 691.40216pt, 76.82234pt)
* \paperwidth=597.50787pt
* \paperheight=845.04684pt
* \textwidth=443.86319pt
* \textheight=691.40216pt
* \oddsidemargin=4.55235pt
* \evensidemargin=4.55235pt
* \topmargin=-32.44765pt
* \headheight=12.0pt
* \headsep=25.0pt
* \topskip=10.0pt
* \footskip=30.0pt
* \marginparwidth=65.0pt
* \marginparsep=11.0pt
* \columnsep=10.0pt
* \skip\footins=9.0pt plus 4.0pt minus 2.0pt
* \hoffset=0.0pt
* \voffset=0.0pt
* \mag=1000
* \@twocolumnfalse
* \@twosidefalse
* \@mparswitchfalse
* \@reversemarginfalse
* (1in=72.27pt=25.4mm, 1cm=28.453pt)

Package biblatex Info: LuaTeX detected.
(biblatex)             Assuming input encoding 'utf8'.
Package biblatex Info: Automatic encoding selection.
(biblatex)             Assuming data encoding 'utf8'.

Package biblatex Warning: Data encoding is 'utf8'.
(biblatex)                Use backend=biber.

Package biblatex Info: Trying to load bibliographic data...
Package biblatex Info: ... file 'writeup.bbl' found.
(./writeup.bbl

Package biblatex Warning: BibTeX reported the following issues
(biblatex)                with 'bajcsy1988active':
(biblatex)                - Invalid format of field 'month'.


Package biblatex Warning: BibTeX reported the following issues
(biblatex)                with 'davison2002simultaneous':
(biblatex)                - Invalid format of field 'month'.


Package biblatex Warning: BibTeX reported the following issues
(biblatex)                with 'minut2001reinforcement':
(biblatex)                - Can't use 'location' + 'address'.

)
Package biblatex Info: Reference section=0 on input line 22.
Package biblatex Info: Reference segment=0 on input line 22.
 (/usr/pkg/share/texmf-dist/tex/context/base/supp-pdf.mkii
[Loading MPS to PDF converter (version 2006.09.02).]
\scratchcounter=\count281
\scratchdimen=\dimen173
\scratchbox=\box57
\nofMPsegments=\count282
\nofMParguments=\count283
\everyMPshowfont=\toks32
\MPscratchCnt=\count284
\MPscratchDim=\dimen174
\MPnumerator=\count285
\makeMPintoPDFobject=\count286
\everyMPtoPDFconversion=\toks33
) (/usr/pkg/share/texmf-dist/tex/latex/oberdiek/epstopdf-base.sty
Package: epstopdf-base 2010/02/09 v2.5 Base part for package epstopdf

(/usr/pkg/share/texmf-dist/tex/latex/oberdiek/grfext.sty
Package: grfext 2010/08/19 v1.1 Manage graphics extensions (HO)

(/usr/pkg/share/texmf-dist/tex/generic/oberdiek/kvdefinekeys.sty
Package: kvdefinekeys 2011/04/07 v1.3 Define keys (HO)
))
(/usr/pkg/share/texmf-dist/tex/latex/oberdiek/kvoptions.sty
Package: kvoptions 2011/06/30 v3.11 Key value format for package options (HO)

(/usr/pkg/share/texmf-dist/tex/generic/oberdiek/kvsetkeys.sty
Package: kvsetkeys 2012/04/25 v1.16 Key value parser (HO)

(/usr/pkg/share/texmf-dist/tex/generic/oberdiek/etexcmds.sty
Package: etexcmds 2011/02/16 v1.5 Avoid name clashes with e-TeX commands (HO)
)))
Package grfext Info: Graphics extension search list:
(grfext)             [.png,.pdf,.jpg,.mps,.jpeg,.jbig2,.jb2,.PNG,.PDF,.JPG,.JPEG
,.JBIG2,.JB2,.eps]
(grfext)             \AppendGraphicsExtensions on input line 452.

(/usr/pkg/share/texmf-dist/tex/latex/latexconfig/epstopdf-sys.cfg
File: epstopdf-sys.cfg 2010/07/13 v1.3 Configuration of (r)epstopdf for TeX Live

))
LaTeX Info: Redefining \microtypecontext on input line 22.
Package microtype Info: Generating PDF output.
Package microtype Info: Character protrusion enabled (level 2).
Package microtype Info: Using default protrusion set `alltext'.
Package microtype Info: Automatic font expansion enabled (level 2),
(microtype)             stretch: 20, shrink: 20, step: 1, non-selected.
Package microtype Info: Using default expansion set `basictext'.
Package microtype Info: No tracking.
Package microtype Info: No adjustment of interword spacing.
Package microtype Info: No adjustment of character kerning.

(/usr/pkg/share/texmf-dist/tex/latex/microtype/mt-cmr.cfg
File: mt-cmr.cfg 2009/11/09 v2.0 microtype config. file: Computer Modern Roman (
RS)
)
Package caption Info: Begin \AtBeginDocument code.
Package caption Info: End \AtBeginDocument code.

ABD: EveryShipout initializing macros
LaTeX Font Info:    Try loading font information for U+msa on input line 83.

(/usr/pkg/share/texmf-dist/tex/latex/amsfonts/umsa.fd
File: umsa.fd 2013/01/14 v3.01 AMS symbols A
)
(/usr/pkg/share/texmf-dist/tex/latex/microtype/mt-msa.cfg
File: mt-msa.cfg 2006/02/04 v1.1 microtype config. file: AMS symbols (a) (RS)
)
LaTeX Font Info:    Try loading font information for U+msb on input line 83.

(/usr/pkg/share/texmf-dist/tex/latex/amsfonts/umsb.fd
File: umsb.fd 2013/01/14 v3.01 AMS symbols B
)
(/usr/pkg/share/texmf-dist/tex/latex/microtype/mt-msb.cfg
File: mt-msb.cfg 2005/06/01 v1.0 microtype config. file: AMS symbols (b) (RS)
) [1

{/var/lib/texmf/fonts/map/pdftex/updmap/pdftex.map}]
<./figures/quartermap.png, id=16, 716.97565pt x 716.97565pt>
File: ./figures/quartermap.png Graphic file (type png)

<use ./figures/quartermap.png>
Package pdftex.def Info: ./figures/quartermap.png used on input line 143.
(pdftex.def)             Requested size: 443.86319pt x 443.86389pt.

<./figures/randommap01.png, id=17, 712.68237pt x 712.68237pt>
File: ./figures/randommap01.png Graphic file (type png)

<use ./figures/randommap01.png>
Package pdftex.def Info: ./figures/randommap01.png used on input line 166.
(pdftex.def)             Requested size: 72.26999pt x 72.262pt.

<./figures/randommap02.png, id=18, 712.68237pt x 712.68237pt>
File: ./figures/randommap02.png Graphic file (type png)

<use ./figures/randommap02.png>
Package pdftex.def Info: ./figures/randommap02.png used on input line 170.
(pdftex.def)             Requested size: 72.26999pt x 72.262pt.

<./figures/randommap03.png, id=19, 712.68237pt x 712.68237pt>
File: ./figures/randommap03.png Graphic file (type png)

<use ./figures/randommap03.png>
Package pdftex.def Info: ./figures/randommap03.png used on input line 174.
(pdftex.def)             Requested size: 72.26999pt x 72.262pt.

<./figures/randommap04.png, id=20, 712.68237pt x 712.68237pt>
File: ./figures/randommap04.png Graphic file (type png)

<use ./figures/randommap04.png>
Package pdftex.def Info: ./figures/randommap04.png used on input line 178.
(pdftex.def)             Requested size: 72.26999pt x 72.262pt.

<./figures/randommap05.png, id=21, 712.68237pt x 712.68237pt>
File: ./figures/randommap05.png Graphic file (type png)

<use ./figures/randommap05.png>
Package pdftex.def Info: ./figures/randommap05.png used on input line 182.
(pdftex.def)             Requested size: 72.26999pt x 72.262pt.

<./figures/randommap06.png, id=22, 712.68237pt x 711.96683pt>
File: ./figures/randommap06.png Graphic file (type png)

<use ./figures/randommap06.png>
Package pdftex.def Info: ./figures/randommap06.png used on input line 186.
(pdftex.def)             Requested size: 72.26999pt x 72.18945pt.

<./figures/randommap07.png, id=23, 712.68237pt x 711.96683pt>
File: ./figures/randommap07.png Graphic file (type png)

<use ./figures/randommap07.png>
Package pdftex.def Info: ./figures/randommap07.png used on input line 190.
(pdftex.def)             Requested size: 72.26999pt x 72.18945pt.

<./figures/randommap08.png, id=24, 712.68237pt x 711.96683pt>
File: ./figures/randommap08.png Graphic file (type png)

<use ./figures/randommap08.png>
Package pdftex.def Info: ./figures/randommap08.png used on input line 194.
(pdftex.def)             Requested size: 72.26999pt x 72.18945pt.

<./figures/randommap09.png, id=25, 712.68237pt x 711.96683pt>
File: ./figures/randommap09.png Graphic file (type png)

<use ./figures/randommap09.png>
Package pdftex.def Info: ./figures/randommap09.png used on input line 198.
(pdftex.def)             Requested size: 72.26999pt x 72.18945pt.
 [2] [3 <./figures/quartermap.png>] [4 <./figures/randommap01.png> <./figures/ra
ndommap02.png> <./figures/randommap03.png> <./figures/randommap04.png> <./figure
s/randommap05.png> <./figures/randommap06.png> <./figures/randommap07.png> <./fi
gures/randommap08.png> <./figures/randommap09.png>]
Overfull \hbox (4.44867pt too wide) in paragraph at lines 270--270
 [][][][][]$\OML/cmm/m/it/10 x[]$ 
 []

[5] (./plots/obsprob.tex
Package epstopdf Info: Source file: <./plots/obsprob.eps>
(epstopdf)                    date: 2015-02-06 12:29:17
(epstopdf)                    size: 17281 bytes
(epstopdf)             Output file: <./plots/obsprob-eps-converted-to.pdf>
(epstopdf)                    date: 2015-02-06 12:29:30
(epstopdf)                    size: 3069 bytes
(epstopdf)             Command: <repstopdf --outfile=./plots/obsprob-eps-convert
ed-to.pdf ./plots/obsprob.eps>
(epstopdf)             \includegraphics on input line 104.
Package epstopdf Info: Output file is already uptodate.

<./plots/obsprob-eps-converted-to.pdf, id=47, 361.35pt x 252.945pt>
File: ./plots/obsprob-eps-converted-to.pdf Graphic file (type pdf)

<use ./plots/obsprob-eps-converted-to.pdf>
Package pdftex.def Info: ./plots/obsprob-eps-converted-to.pdf used on input line
 104.
(pdftex.def)             Requested size: 361.34912pt x 252.94438pt.
) (./plots/obsplotmag.tex
Package epstopdf Info: Source file: <./plots/obsplotmag.eps>
(epstopdf)                    date: 2015-02-06 12:59:58
(epstopdf)                    size: 17134 bytes
(epstopdf)             Output file: <./plots/obsplotmag-eps-converted-to.pdf>
(epstopdf)                    date: 2015-02-06 13:06:28
(epstopdf)                    size: 3004 bytes
(epstopdf)             Command: <repstopdf --outfile=./plots/obsplotmag-eps-conv
erted-to.pdf ./plots/obsplotmag.eps>
(epstopdf)             \includegraphics on input line 105.
Package epstopdf Info: Output file is already uptodate.

<./plots/obsplotmag-eps-converted-to.pdf, id=48, 361.35pt x 252.945pt>
File: ./plots/obsplotmag-eps-converted-to.pdf Graphic file (type pdf)

<use ./plots/obsplotmag-eps-converted-to.pdf>
Package pdftex.def Info: ./plots/obsplotmag-eps-converted-to.pdf used on input l
ine 105.
(pdftex.def)             Requested size: 361.34912pt x 252.94438pt.
) (./plots/randommapsmall.tex
Package epstopdf Info: Source file: <./plots/randommapsmall.eps>
(epstopdf)                    date: 2015-02-10 10:52:17
(epstopdf)                    size: 17362 bytes
(epstopdf)             Output file: <./plots/randommapsmall-eps-converted-to.pdf
>
(epstopdf)                    date: 2015-02-10 10:54:56
(epstopdf)                    size: 3112 bytes
(epstopdf)             Command: <repstopdf --outfile=./plots/randommapsmall-eps-
converted-to.pdf ./plots/randommapsmall.eps>
(epstopdf)             \includegraphics on input line 108.
Package epstopdf Info: Output file is already uptodate.

<./plots/randommapsmall-eps-converted-to.pdf, id=49, 361.35pt x 252.945pt>
File: ./plots/randommapsmall-eps-converted-to.pdf Graphic file (type pdf)

<use ./plots/randommapsmall-eps-converted-to.pdf>
Package pdftex.def Info: ./plots/randommapsmall-eps-converted-to.pdf used on inp
ut line 108.
(pdftex.def)             Requested size: 361.34912pt x 252.94438pt.
) (./plots/randommap80.tex
Package epstopdf Info: Source file: <./plots/randommap80.eps>
(epstopdf)                    date: 2015-02-10 12:43:19
(epstopdf)                    size: 18001 bytes
(epstopdf)             Output file: <./plots/randommap80-eps-converted-to.pdf>
(epstopdf)                    date: 2015-02-10 12:48:09
(epstopdf)                    size: 3371 bytes
(epstopdf)             Command: <repstopdf --outfile=./plots/randommap80-eps-con
verted-to.pdf ./plots/randommap80.eps>
(epstopdf)             \includegraphics on input line 111.
Package epstopdf Info: Output file is already uptodate.

<./plots/randommap80-eps-converted-to.pdf, id=50, 361.35pt x 252.945pt>
File: ./plots/randommap80-eps-converted-to.pdf Graphic file (type pdf)

<use ./plots/randommap80-eps-converted-to.pdf>
Package pdftex.def Info: ./plots/randommap80-eps-converted-to.pdf used on input 
line 111.
(pdftex.def)             Requested size: 361.34912pt x 252.94438pt.
) (./plots/randommap90.tex
Package epstopdf Info: Source file: <./plots/randommap90.eps>
(epstopdf)                    date: 2015-02-10 12:58:48
(epstopdf)                    size: 18030 bytes
(epstopdf)             Output file: <./plots/randommap90-eps-converted-to.pdf>
(epstopdf)                    date: 2015-02-10 13:00:09
(epstopdf)                    size: 3376 bytes
(epstopdf)             Command: <repstopdf --outfile=./plots/randommap90-eps-con
verted-to.pdf ./plots/randommap90.eps>
(epstopdf)             \includegraphics on input line 112.
Package epstopdf Info: Output file is already uptodate.

<./plots/randommap90-eps-converted-to.pdf, id=51, 361.35pt x 252.945pt>
File: ./plots/randommap90-eps-converted-to.pdf Graphic file (type pdf)

<use ./plots/randommap90-eps-converted-to.pdf>
Package pdftex.def Info: ./plots/randommap90-eps-converted-to.pdf used on input 
line 112.
(pdftex.def)             Requested size: 361.34912pt x 252.94438pt.
) [6] [7 <./plots/obsprob-eps-converted-to.pdf> <./plots/obsplotmag-eps-converte
d-to.pdf>] [8 <./plots/randommapsmall-eps-converted-to.pdf> <./plots/randommap80
-eps-converted-to.pdf>] [9 <./plots/randommap90-eps-converted-to.pdf>] [10] (./
writeup.aux)
Package logreq Info: Writing requests to 'writeup.run.xml'.
 )

Here is how much of LuaTeX's memory you used:
 21272 strings out of 494449
 100000,662416 words of node,token memory allocated
 408 words of node memory still in use:
   5 hlist, 2 vlist, 2 rule, 2 glue, 1 kern, 45 glue_spec, 1 write nodes
   avail lists: 1:1,2:28,3:373,4:2058,5:600,6:6305,7:174,9:515,10:572
 23796 multiletter control sequences out of 65536+600000
 110 fonts using 3223979 bytes
 56i,10n,56p,2290b,939s stack positions out of 5000i,500n,10000p,200000b,100000s
</usr/pkg/share/texmf-dist/fonts/type1/public/amsfonts/cm/cmbx12.pfb></usr/pkg/s
hare/texmf-dist/fonts/type1/public/amsfonts/cm/cmcsc10.pfb></usr/pkg/share/texmf
-dist/fonts/type1/public/amsfonts/cm/cmex10.pfb></usr/pkg/share/texmf-dist/fonts
/type1/public/amsfonts/cm/cmmi10.pfb></usr/pkg/share/texmf-dist/fonts/type1/publ
ic/amsfonts/cm/cmmi5.pfb></usr/pkg/share/texmf-dist/fonts/type1/public/amsfonts/
cm/cmmi7.pfb></usr/pkg/share/texmf-dist/fonts/type1/public/amsfonts/cm/cmmi8.pfb
></usr/pkg/share/texmf-dist/fonts/type1/public/amsfonts/cm/cmr10.pfb></usr/pkg/s
hare/texmf-dist/fonts/type1/public/amsfonts/cm/cmr5.pfb></usr/pkg/share/texmf-di
st/fonts/type1/public/amsfonts/cm/cmr6.pfb></usr/pkg/share/texmf-dist/fonts/type
1/public/amsfonts/cm/cmr7.pfb></usr/pkg/share/texmf-dist/fonts/type1/public/amsf
onts/cm/cmr8.pfb></usr/pkg/share/texmf-dist/fonts/type1/public/amsfonts/cm/cmr9.
pfb></usr/pkg/share/texmf-dist/fonts/type1/public/amsfonts/cm/cmss10.pfb></usr/p
kg/share/texmf-dist/fonts/type1/public/amsfonts/cm/cmsy10.pfb></usr/pkg/share/te
xmf-dist/fonts/type1/public/amsfonts/cm/cmsy5.pfb></usr/pkg/share/texmf-dist/fon
ts/type1/public/amsfonts/cm/cmsy7.pfb></usr/pkg/share/texmf-dist/fonts/type1/pub
lic/amsfonts/cm/cmti10.pfb></usr/pkg/share/texmf-dist/fonts/type1/public/amsfont
s/cm/cmtt10.pfb></usr/pkg/share/texmf-dist/fonts/type1/public/amsfonts/symbols/m
sbm10.pfb>
Output written on writeup.pdf (10 pages, 373789 bytes).

PDF statistics: 148 PDF objects out of 1000 (max. 8388607)
 100 compressed objects within 1 object stream
 0 named destinations out of 1000 (max. 131072)
 16 words of extra memory for PDF output out of 10000 (max. 10000000)

